#
# There is insufficient memory for the Java Runtime Environment to continue.
# Native memory allocation (malloc) failed to allocate 2333936 bytes for Chunk::new
# Possible reasons:
#   The system is out of physical RAM or swap space
#   In 32 bit mode, the process size limit was hit
# Possible solutions:
#   Reduce memory load on the system
#   Increase physical memory or swap space
#   Check if swap backing store is full
#   Use 64 bit Java on a 64 bit OS
#   Decrease Java heap size (-Xmx/-Xms)
#   Decrease number of Java threads
#   Decrease Java thread stack sizes (-Xss)
#   Set larger code cache with -XX:ReservedCodeCacheSize=
# This output file may be truncated or incomplete.
#
#  Out of Memory Error (allocation.cpp:390), pid=32352, tid=0x00000000000088a8
#
# JRE version: OpenJDK Runtime Environment (8.0_152-b01) (build 1.8.0_152-release-915-b01)
# Java VM: OpenJDK 64-Bit Server VM (25.152-b01 mixed mode windows-amd64 compressed oops)
# Failed to write core dump. Minidumps are not enabled by default on client versions of Windows
#

---------------  T H R E A D  ---------------

Current thread (0x00000000151fa000):  JavaThread "C2 CompilerThread1" daemon [_thread_in_native, id=34984, stack(0x0000000016830000,0x0000000016930000)]

Stack: [0x0000000016830000,0x0000000016930000]
[error occurred during error reporting (printing stack bounds), id 0xc0000005]

Native frames: (J=compiled Java code, j=interpreted, Vv=VM code, C=native code)


Current CompileTask:
C2:  36898 8321   !   4       java.io.ObjectOutputStream::writeOrdinaryObject (175 bytes)


---------------  P R O C E S S  ---------------

Java Threads: ( => current thread )
  0x000000001a1a5800 JavaThread "Memory manager" [_thread_blocked, id=28760, stack(0x000000001f8d0000,0x000000001f9d0000)]
  0x000000001a1a7000 JavaThread "pool-1-thread-1" [_thread_blocked, id=27616, stack(0x000000001f5d0000,0x000000001f6d0000)]
  0x000000001c462800 JavaThread "build operations Thread 4" [_thread_blocked, id=33008, stack(0x000000001f0d0000,0x000000001f1d0000)]
  0x000000001c463000 JavaThread "build operations Thread 3" [_thread_blocked, id=36440, stack(0x000000001efd0000,0x000000001f0d0000)]
  0x000000001c461800 JavaThread "build operations Thread 2" [_thread_blocked, id=30980, stack(0x000000001eed0000,0x000000001efd0000)]
  0x000000001c467800 JavaThread "build operations" [_thread_blocked, id=34612, stack(0x000000001edd0000,0x000000001eed0000)]
  0x000000001c464800 JavaThread "Cache worker for Artifact transforms cache (C:\Users\Colton\.gradle\caches\transforms-1)" [_thread_blocked, id=21696, stack(0x000000001e6d0000,0x000000001e7d0000)]
  0x0000000019d81000 JavaThread "Cache worker for file hash cache (C:\Users\Colton\Documents\FTCRobotCode\FTCCode\ftc_app-master\.gradle\4.1\fileHashes)" [_thread_blocked, id=35036, stack(0x000000001abf0000,0x000000001acf0000)]
  0x00000000185bd000 JavaThread "File lock request listener" [_thread_in_native, id=34884, stack(0x0000000019920000,0x0000000019a20000)]
  0x00000000185bc800 JavaThread "Cache worker for file hash cache (C:\Users\Colton\.gradle\caches\4.1\fileHashes)" [_thread_blocked, id=4076, stack(0x0000000019820000,0x0000000019920000)]
  0x0000000017d0b800 JavaThread "Stdin handler" [_thread_blocked, id=34340, stack(0x0000000019720000,0x0000000019820000)]
  0x0000000017b97800 JavaThread "Asynchronous log dispatcher for DefaultDaemonConnection: socket connection from /127.0.0.1:58645 to /127.0.0.1:58646" [_thread_blocked, id=34772, stack(0x0000000019620000,0x0000000019720000)]
  0x000000001867c000 JavaThread "Daemon worker" [_thread_in_vm, id=38832, stack(0x0000000019520000,0x0000000019620000)]
  0x00000000187ec800 JavaThread "Cancel handler" [_thread_blocked, id=6148, stack(0x0000000019420000,0x0000000019520000)]
  0x0000000018692800 JavaThread "Handler for socket connection from /127.0.0.1:58645 to /127.0.0.1:58646" [_thread_in_native, id=27240, stack(0x0000000019120000,0x0000000019220000)]
  0x0000000017d83000 JavaThread "Daemon" [_thread_blocked, id=34608, stack(0x0000000019020000,0x0000000019120000)]
  0x0000000017bf6000 JavaThread "Daemon periodic checks" [_thread_blocked, id=30504, stack(0x0000000018f20000,0x0000000019020000)]
  0x0000000017bf4800 JavaThread "Incoming local TCP Connector on port 58645" [_thread_in_native, id=29516, stack(0x0000000018d40000,0x0000000018e40000)]
  0x0000000016a45800 JavaThread "Service Thread" daemon [_thread_blocked, id=25344, stack(0x0000000016e30000,0x0000000016f30000)]
  0x000000001523d000 JavaThread "C1 CompilerThread2" daemon [_thread_blocked, id=34628, stack(0x0000000016930000,0x0000000016a30000)]
=>0x00000000151fa000 JavaThread "C2 CompilerThread1" daemon [_thread_in_native, id=34984, stack(0x0000000016830000,0x0000000016930000)]
  0x00000000151dc000 JavaThread "C2 CompilerThread0" daemon [_thread_in_native, id=36524, stack(0x0000000016730000,0x0000000016830000)]
  0x00000000151db000 JavaThread "Attach Listener" daemon [_thread_blocked, id=38260, stack(0x0000000016630000,0x0000000016730000)]
  0x00000000151da000 JavaThread "Signal Dispatcher" daemon [_thread_blocked, id=33720, stack(0x0000000016530000,0x0000000016630000)]
  0x00000000151c8800 JavaThread "Finalizer" daemon [_thread_blocked, id=36052, stack(0x0000000016430000,0x0000000016530000)]
  0x0000000002b02000 JavaThread "Reference Handler" daemon [_thread_blocked, id=29888, stack(0x0000000016330000,0x0000000016430000)]
  0x0000000000ffd800 JavaThread "main" [_thread_blocked, id=31664, stack(0x0000000002910000,0x0000000002a10000)]

Other Threads:
  0x00000000151a6800 VMThread [stack: 0x0000000016230000,0x0000000016330000] [id=35352]
  0x0000000016a46800 WatcherThread [stack: 0x0000000016f30000,0x0000000017030000] [id=37500]

VM state:not at safepoint (normal execution)

VM Mutex/Monitor currently owned by a thread: None

Heap:
 PSYoungGen      total 169472K, used 27684K [0x00000000eab00000, 0x00000000f6500000, 0x0000000100000000)
  eden space 153088K, 18% used [0x00000000eab00000,0x00000000ec609340,0x00000000f4080000)
  from space 16384K, 0% used [0x00000000f5080000,0x00000000f5080000,0x00000000f6080000)
  to   space 16384K, 0% used [0x00000000f4080000,0x00000000f4080000,0x00000000f5080000)
 ParOldGen       total 107520K, used 49528K [0x00000000c0000000, 0x00000000c6900000, 0x00000000eab00000)
  object space 107520K, 46% used [0x00000000c0000000,0x00000000c305e048,0x00000000c6900000)
 Metaspace       used 58671K, capacity 61312K, committed 61440K, reserved 1101824K
  class space    used 7966K, capacity 8629K, committed 8704K, reserved 1048576K

Card table byte_map: [0x0000000011ed0000,0x00000000120e0000] byte_map_base: 0x00000000118d0000

Marking Bits: (ParMarkBitMap*) 0x000000006bca3950
 Begin Bits: [0x0000000012640000, 0x0000000013640000)
 End Bits:   [0x0000000013640000, 0x0000000014640000)

Polling page: 0x0000000000ba0000

CodeCache: size=245760Kb used=24790Kb max_used=25457Kb free=220969Kb
 bounds [0x0000000002b10000, 0x0000000004410000, 0x0000000011b10000]
 total_blobs=8161 nmethods=7377 adapters=696
 compilation: enabled

Compilation events (10 events):
Event: 36.873 Thread 0x000000001523d000 nmethod 8475 0x0000000002c1fa50 code [0x0000000002c1fbe0, 0x0000000002c200e8]
Event: 36.873 Thread 0x000000001523d000 8476       3       com.google.protobuf.Utf8$UnsafeProcessor::partialIsValidUtf8 (268 bytes)
Event: 36.874 Thread 0x000000001523d000 nmethod 8476 0x00000000034f95d0 code [0x00000000034f97e0, 0x00000000034fa348]
Event: 36.874 Thread 0x000000001523d000 8477       3       com.google.protobuf.Descriptors$DescriptorPool::addSymbol (206 bytes)
Event: 36.879 Thread 0x000000001523d000 nmethod 8477 0x0000000003316990 code [0x0000000003316ec0, 0x000000000331a388]
Event: 36.879 Thread 0x000000001523d000 8478       3       com.google.protobuf.ByteString::toStringUtf8 (8 bytes)
Event: 36.879 Thread 0x000000001523d000 nmethod 8478 0x00000000033162d0 code [0x0000000003316460, 0x0000000003316878]
Event: 36.879 Thread 0x000000001523d000 8479       3       com.google.protobuf.ByteString::toString (18 bytes)
Event: 36.880 Thread 0x000000001523d000 nmethod 8479 0x0000000003315d50 code [0x0000000003315ec0, 0x00000000033161f8]
Event: 36.886 Thread 0x000000001523d000 8480       3       java.lang.Character::valueOf (21 bytes)

GC Heap History (10 events):
Event: 25.417 GC heap before
{Heap before GC invocations=15 (full 2):
 PSYoungGen      total 96768K, used 96518K [0x00000000eab00000, 0x00000000f1700000, 0x0000000100000000)
  eden space 90112K, 100% used [0x00000000eab00000,0x00000000f0300000,0x00000000f0300000)
  from space 6656K, 96% used [0x00000000f1080000,0x00000000f16c18f8,0x00000000f1700000)
  to   space 9216K, 0% used [0x00000000f0500000,0x00000000f0500000,0x00000000f0e00000)
 ParOldGen       total 54272K, used 15823K [0x00000000c0000000, 0x00000000c3500000, 0x00000000eab00000)
  object space 54272K, 29% used [0x00000000c0000000,0x00000000c0f73f20,0x00000000c3500000)
 Metaspace       used 46924K, capacity 47990K, committed 48256K, reserved 1091584K
  class space    used 6294K, capacity 6675K, committed 6784K, reserved 1048576K
Event: 25.448 GC heap after
Heap after GC invocations=15 (full 2):
 PSYoungGen      total 101376K, used 9188K [0x00000000eab00000, 0x00000000f3300000, 0x0000000100000000)
  eden space 92160K, 0% used [0x00000000eab00000,0x00000000eab00000,0x00000000f0500000)
  from space 9216K, 99% used [0x00000000f0500000,0x00000000f0df9290,0x00000000f0e00000)
  to   space 11776K, 0% used [0x00000000f2780000,0x00000000f2780000,0x00000000f3300000)
 ParOldGen       total 54272K, used 19144K [0x00000000c0000000, 0x00000000c3500000, 0x00000000eab00000)
  object space 54272K, 35% used [0x00000000c0000000,0x00000000c12b21c8,0x00000000c3500000)
 Metaspace       used 46924K, capacity 47990K, committed 48256K, reserved 1091584K
  class space    used 6294K, capacity 6675K, committed 6784K, reserved 1048576K
}
Event: 27.999 GC heap before
{Heap before GC invocations=16 (full 2):
 PSYoungGen      total 101376K, used 101348K [0x00000000eab00000, 0x00000000f3300000, 0x0000000100000000)
  eden space 92160K, 100% used [0x00000000eab00000,0x00000000f0500000,0x00000000f0500000)
  from space 9216K, 99% used [0x00000000f0500000,0x00000000f0df9290,0x00000000f0e00000)
  to   space 11776K, 0% used [0x00000000f2780000,0x00000000f2780000,0x00000000f3300000)
 ParOldGen       total 54272K, used 19144K [0x00000000c0000000, 0x00000000c3500000, 0x00000000eab00000)
  object space 54272K, 35% used [0x00000000c0000000,0x00000000c12b21c8,0x00000000c3500000)
 Metaspace       used 52001K, capacity 53696K, committed 53888K, reserved 1095680K
  class space    used 7023K, capacity 7494K, committed 7552K, reserved 1048576K
Event: 28.044 GC heap after
Heap after GC invocations=16 (full 2):
 PSYoungGen      total 126976K, used 8844K [0x00000000eab00000, 0x00000000f3a00000, 0x0000000100000000)
  eden space 115200K, 0% used [0x00000000eab00000,0x00000000eab00000,0x00000000f1b80000)
  from space 11776K, 75% used [0x00000000f2780000,0x00000000f3023048,0x00000000f3300000)
  to   space 12288K, 0% used [0x00000000f1b80000,0x00000000f1b80000,0x00000000f2780000)
 ParOldGen       total 54272K, used 27993K [0x00000000c0000000, 0x00000000c3500000, 0x00000000eab00000)
  object space 54272K, 51% used [0x00000000c0000000,0x00000000c1b56540,0x00000000c3500000)
 Metaspace       used 52001K, capacity 53696K, committed 53888K, reserved 1095680K
  class space    used 7023K, capacity 7494K, committed 7552K, reserved 1048576K
}
Event: 30.654 GC heap before
{Heap before GC invocations=17 (full 2):
 PSYoungGen      total 126976K, used 124044K [0x00000000eab00000, 0x00000000f3a00000, 0x0000000100000000)
  eden space 115200K, 100% used [0x00000000eab00000,0x00000000f1b80000,0x00000000f1b80000)
  from space 11776K, 75% used [0x00000000f2780000,0x00000000f3023048,0x00000000f3300000)
  to   space 12288K, 0% used [0x00000000f1b80000,0x00000000f1b80000,0x00000000f2780000)
 ParOldGen       total 54272K, used 27993K [0x00000000c0000000, 0x00000000c3500000, 0x00000000eab00000)
  object space 54272K, 51% used [0x00000000c0000000,0x00000000c1b56540,0x00000000c3500000)
 Metaspace       used 55447K, capacity 57786K, committed 57856K, reserved 1099776K
  class space    used 7595K, capacity 8178K, committed 8192K, reserved 1048576K
Event: 30.686 GC heap after
Heap after GC invocations=17 (full 2):
 PSYoungGen      total 127488K, used 12288K [0x00000000eab00000, 0x00000000f6080000, 0x0000000100000000)
  eden space 115200K, 0% used [0x00000000eab00000,0x00000000eab00000,0x00000000f1b80000)
  from space 12288K, 100% used [0x00000000f1b80000,0x00000000f2780000,0x00000000f2780000)
  to   space 16384K, 0% used [0x00000000f5080000,0x00000000f5080000,0x00000000f6080000)
 ParOldGen       total 54272K, used 34922K [0x00000000c0000000, 0x00000000c3500000, 0x00000000eab00000)
  object space 54272K, 64% used [0x00000000c0000000,0x00000000c221aa38,0x00000000c3500000)
 Metaspace       used 55447K, capacity 57786K, committed 57856K, reserved 1099776K
  class space    used 7595K, capacity 8178K, committed 8192K, reserved 1048576K
}
Event: 33.285 GC heap before
{Heap before GC invocations=18 (full 2):
 PSYoungGen      total 127488K, used 95754K [0x00000000eab00000, 0x00000000f6080000, 0x0000000100000000)
  eden space 115200K, 72% used [0x00000000eab00000,0x00000000efc82840,0x00000000f1b80000)
  from space 12288K, 100% used [0x00000000f1b80000,0x00000000f2780000,0x00000000f2780000)
  to   space 16384K, 0% used [0x00000000f5080000,0x00000000f5080000,0x00000000f6080000)
 ParOldGen       total 54272K, used 34922K [0x00000000c0000000, 0x00000000c3500000, 0x00000000eab00000)
  object space 54272K, 64% used [0x00000000c0000000,0x00000000c221aa38,0x00000000c3500000)
 Metaspace       used 56598K, capacity 58868K, committed 59028K, reserved 1099776K
  class space    used 7742K, capacity 8328K, committed 8448K, reserved 1048576K
Event: 33.351 GC heap after
Heap after GC invocations=18 (full 2):
 PSYoungGen      total 169472K, used 9657K [0x00000000eab00000, 0x00000000f6500000, 0x0000000100000000)
  eden space 153088K, 0% used [0x00000000eab00000,0x00000000eab00000,0x00000000f4080000)
  from space 16384K, 58% used [0x00000000f5080000,0x00000000f59ee440,0x00000000f6080000)
  to   space 16384K, 0% used [0x00000000f4080000,0x00000000f4080000,0x00000000f5080000)
 ParOldGen       total 54272K, used 47227K [0x00000000c0000000, 0x00000000c3500000, 0x00000000eab00000)
  object space 54272K, 87% used [0x00000000c0000000,0x00000000c2e1efa0,0x00000000c3500000)
 Metaspace       used 56598K, capacity 58868K, committed 59028K, reserved 1099776K
  class space    used 7742K, capacity 8328K, committed 8448K, reserved 1048576K
}
Event: 33.351 GC heap before
{Heap before GC invocations=19 (full 3):
 PSYoungGen      total 169472K, used 9657K [0x00000000eab00000, 0x00000000f6500000, 0x0000000100000000)
  eden space 153088K, 0% used [0x00000000eab00000,0x00000000eab00000,0x00000000f4080000)
  from space 16384K, 58% used [0x00000000f5080000,0x00000000f59ee440,0x00000000f6080000)
  to   space 16384K, 0% used [0x00000000f4080000,0x00000000f4080000,0x00000000f5080000)
 ParOldGen       total 54272K, used 47227K [0x00000000c0000000, 0x00000000c3500000, 0x00000000eab00000)
  object space 54272K, 87% used [0x00000000c0000000,0x00000000c2e1efa0,0x00000000c3500000)
 Metaspace       used 56598K, capacity 58868K, committed 59028K, reserved 1099776K
  class space    used 7742K, capacity 8328K, committed 8448K, reserved 1048576K
Event: 33.921 GC heap after
Heap after GC invocations=19 (full 3):
 PSYoungGen      total 169472K, used 0K [0x00000000eab00000, 0x00000000f6500000, 0x0000000100000000)
  eden space 153088K, 0% used [0x00000000eab00000,0x00000000eab00000,0x00000000f4080000)
  from space 16384K, 0% used [0x00000000f5080000,0x00000000f5080000,0x00000000f6080000)
  to   space 16384K, 0% used [0x00000000f4080000,0x00000000f4080000,0x00000000f5080000)
 ParOldGen       total 107520K, used 49528K [0x00000000c0000000, 0x00000000c6900000, 0x00000000eab00000)
  object space 107520K, 46% used [0x00000000c0000000,0x00000000c305e048,0x00000000c6900000)
 Metaspace       used 56598K, capacity 58868K, committed 59028K, reserved 1099776K
  class space    used 7742K, capacity 8328K, committed 8448K, reserved 1048576K
}

Deoptimization events (10 events):
Event: 35.952 Thread 0x000000001867c000 Uncommon trap: reason=class_check action=maybe_recompile pc=0x00000000043503e4 method=java.io.ObjectOutputStream$BlockDataOutputStream.drain()V @ 36
Event: 35.952 Thread 0x000000001867c000 Uncommon trap: reason=unstable_if action=reinterpret pc=0x00000000043ae890 method=java.io.ObjectStreamClass.getClassDataLayout()[Ljava/io/ObjectStreamClass$ClassDataSlot; @ 4
Event: 35.952 Thread 0x000000001867c000 Uncommon trap: reason=class_check action=maybe_recompile pc=0x000000000433d170 method=java.io.ObjectOutputStream$BlockDataOutputStream.drain()V @ 36
Event: 35.952 Thread 0x000000001867c000 Uncommon trap: reason=class_check action=maybe_recompile pc=0x0000000004321a20 method=java.io.ObjectOutputStream.writeNonProxyDesc(Ljava/io/ObjectStreamClass;Z)V @ 44
Event: 35.952 Thread 0x000000001867c000 Uncommon trap: reason=class_check action=maybe_recompile pc=0x00000000043503e4 method=java.io.ObjectOutputStream$BlockDataOutputStream.drain()V @ 36
Event: 35.953 Thread 0x000000001867c000 Uncommon trap: reason=class_check action=maybe_recompile pc=0x00000000038b80c4 method=java.io.ObjectOutputStream$BlockDataOutputStream.drain()V @ 36
Event: 35.955 Thread 0x000000001867c000 Uncommon trap: reason=unstable_if action=reinterpret pc=0x0000000004322adc method=java.io.ObjectOutputStream.writeClassDesc(Ljava/io/ObjectStreamClass;Z)V @ 41
Event: 35.955 Thread 0x000000001867c000 Uncommon trap: reason=unstable_if action=reinterpret pc=0x0000000002ca3bf8 method=java.lang.reflect.Proxy.isProxyClass(Ljava/lang/Class;)Z @ 6
Event: 35.961 Thread 0x000000001867c000 Uncommon trap: reason=unstable_if action=reinterpret pc=0x0000000002d58c08 method=java.io.ObjectOutputStream$HandleTable.assign(Ljava/lang/Object;)I @ 24
Event: 36.055 Thread 0x000000001867c000 Uncommon trap: reason=unstable_if action=reinterpret pc=0x0000000002d05678 method=java.io.ObjectStreamField.isPrimitive()Z @ 18

Classes redefined (0 events):
No events

Internal exceptions (10 events):
Event: 31.515 Thread 0x000000001867c000 Exception <a 'java/lang/ClassNotFoundException': org/gradle/api/internal/file/DefaultFileCollectionFactory$1BeanInfo> (0x00000000ee6ed270) thrown at [D:\src\AOSP-openjdk-cygwin\jdk8u\hotspot\src\share\vm\classfile\systemDictionary.cpp, line 210]
Event: 31.516 Thread 0x000000001867c000 Exception <a 'java/lang/ClassNotFoundException': org/gradle/api/internal/file/collections/FileCollectionAdapterBeanInfo> (0x00000000ee7021b0) thrown at [D:\src\AOSP-openjdk-cygwin\jdk8u\hotspot\src\share\vm\classfile\systemDictionary.cpp, line 210]
Event: 31.516 Thread 0x000000001867c000 Exception <a 'java/lang/ClassNotFoundException': org/gradle/api/internal/file/collections/FileCollectionAdapterCustomizer> (0x00000000ee7177f0) thrown at [D:\src\AOSP-openjdk-cygwin\jdk8u\hotspot\src\share\vm\classfile\systemDictionary.cpp, line 210]
Event: 31.518 Thread 0x000000001867c000 Exception <a 'java/lang/ClassNotFoundException': org/gradle/api/internal/file/DefaultFileCollectionFactory$1Customizer> (0x00000000ee735640) thrown at [D:\src\AOSP-openjdk-cygwin\jdk8u\hotspot\src\share\vm\classfile\systemDictionary.cpp, line 210]
Event: 31.737 Thread 0x000000001867c000 Exception <a 'java/lang/NoSuchMethodError': java.lang.Object.lambda$of$a04ddf17$1(Ljava/lang/Object;)Ljava/lang/Object;> (0x00000000eea93730) thrown at [D:\src\AOSP-openjdk-cygwin\jdk8u\hotspot\src\share\vm\interpreter\linkResolver.cpp, line 584]
Event: 32.866 Thread 0x000000001867c000 Exception <a 'java/lang/NoSuchMethodError': java.lang.Object.lambda$negate$1(Ljava/lang/Object;)Z> (0x00000000ef7c0cc8) thrown at [D:\src\AOSP-openjdk-cygwin\jdk8u\hotspot\src\share\vm\interpreter\linkResolver.cpp, line 584]
Event: 33.963 Thread 0x000000001867c000 Exception <a 'java/lang/ClassNotFoundException': java/util/CollectionsBeanInfo> (0x00000000ead0edf8) thrown at [D:\src\AOSP-openjdk-cygwin\jdk8u\hotspot\src\share\vm\classfile\systemDictionary.cpp, line 210]
Event: 33.963 Thread 0x000000001867c000 Exception <a 'java/lang/ClassNotFoundException': java/util/CollectionsCustomizer> (0x00000000ead157b0) thrown at [D:\src\AOSP-openjdk-cygwin\jdk8u\hotspot\src\share\vm\classfile\systemDictionary.cpp, line 210]
Event: 35.950 Thread 0x000000001867c000 Implicit null exception at 0x0000000004343aa5 to 0x0000000004343b5e
Event: 36.632 Thread 0x000000001867c000 Exception <a 'sun/nio/fs/WindowsException'> (0x00000000ebf7b438) thrown at [D:\src\AOSP-openjdk-cygwin\jdk8u\hotspot\src\share\vm\prims\jni.cpp, line 709]

Events (10 events):
Event: 36.853 loading class com/google/protobuf/WireFormat$FieldType$3
Event: 36.853 loading class com/google/protobuf/WireFormat$FieldType$3 done
Event: 36.854 loading class com/google/protobuf/WireFormat$FieldType$4
Event: 36.854 loading class com/google/protobuf/WireFormat$FieldType$4 done
Event: 36.858 loading class com/google/protobuf/WireFormat$JavaType
Event: 36.858 loading class com/google/protobuf/WireFormat$JavaType done
Event: 36.859 loading class com/google/protobuf/Descriptors$FieldDescriptor$Type
Event: 36.859 loading class com/google/protobuf/Descriptors$FieldDescriptor$Type done
Event: 36.860 loading class com/google/protobuf/Descriptors$FieldDescriptor$JavaType
Event: 36.860 loading class com/google/protobuf/Descriptors$FieldDescriptor$JavaType done


Dynamic libraries:
0x00007ff605310000 - 0x00007ff605341000 	C:\Program Files\Android\Android Studio\jre\bin\java.exe
0x00007ffd96f20000 - 0x00007ffd970e1000 	C:\WINDOWS\SYSTEM32\ntdll.dll
0x00007ffd94940000 - 0x00007ffd949ed000 	C:\WINDOWS\system32\KERNEL32.DLL
0x00007ffd93d40000 - 0x00007ffd93f28000 	C:\WINDOWS\system32\KERNELBASE.dll
0x00007ffd94b80000 - 0x00007ffd94c27000 	C:\WINDOWS\system32\ADVAPI32.dll
0x00007ffd94570000 - 0x00007ffd9460d000 	C:\WINDOWS\system32\msvcrt.dll
0x00007ffd96d70000 - 0x00007ffd96dcb000 	C:\WINDOWS\system32\sechost.dll
0x00007ffd94ef0000 - 0x00007ffd9500d000 	C:\WINDOWS\system32\RPCRT4.dll
0x00007ffd94d90000 - 0x00007ffd94ee6000 	C:\WINDOWS\system32\USER32.dll
0x00007ffd949f0000 - 0x00007ffd94b77000 	C:\WINDOWS\system32\GDI32.dll
0x00007ffd890e0000 - 0x00007ffd89354000 	C:\WINDOWS\WinSxS\amd64_microsoft.windows.common-controls_6595b64144ccf1df_6.0.10586.839_none_a2ddba30a539a2ae\COMCTL32.dll
0x00007ffd94680000 - 0x00007ffd948fe000 	C:\WINDOWS\system32\combase.dll
0x00007ffd94000000 - 0x00007ffd9406a000 	C:\WINDOWS\system32\bcryptPrimitives.dll
0x00007ffd94900000 - 0x00007ffd9493b000 	C:\WINDOWS\system32\IMM32.DLL
0x000000006d130000 - 0x000000006d202000 	C:\Program Files\Android\Android Studio\jre\jre\bin\msvcr100.dll
0x000000006b4e0000 - 0x000000006bd1e000 	C:\Program Files\Android\Android Studio\jre\jre\bin\server\jvm.dll
0x00007ffd951c0000 - 0x00007ffd951c8000 	C:\WINDOWS\system32\PSAPI.DLL
0x00007ffd90f10000 - 0x00007ffd90f33000 	C:\WINDOWS\SYSTEM32\WINMM.dll
0x00007ffd91e90000 - 0x00007ffd91e99000 	C:\WINDOWS\SYSTEM32\WSOCK32.dll
0x00007ffd91cd0000 - 0x00007ffd91cda000 	C:\WINDOWS\SYSTEM32\VERSION.dll
0x00007ffd90ee0000 - 0x00007ffd90f0c000 	C:\WINDOWS\SYSTEM32\WINMMBASE.dll
0x00007ffd95010000 - 0x00007ffd9507b000 	C:\WINDOWS\system32\WS2_32.dll
0x00007ffd94240000 - 0x00007ffd94283000 	C:\WINDOWS\system32\cfgmgr32.dll
0x00007ffd89e80000 - 0x00007ffd89e8f000 	C:\Program Files\Android\Android Studio\jre\jre\bin\verify.dll
0x00007ffd6ec00000 - 0x00007ffd6ec29000 	C:\Program Files\Android\Android Studio\jre\jre\bin\java.dll
0x00007ffd70220000 - 0x00007ffd70236000 	C:\Program Files\Android\Android Studio\jre\jre\bin\zip.dll
0x00007ffd95230000 - 0x00007ffd9678c000 	C:\WINDOWS\system32\SHELL32.dll
0x00007ffd936f0000 - 0x00007ffd93d35000 	C:\WINDOWS\system32\windows.storage.dll
0x00007ffd94320000 - 0x00007ffd94372000 	C:\WINDOWS\system32\shlwapi.dll
0x00007ffd935b0000 - 0x00007ffd935bf000 	C:\WINDOWS\system32\kernel.appcore.dll
0x00007ffd935d0000 - 0x00007ffd93685000 	C:\WINDOWS\system32\shcore.dll
0x00007ffd93560000 - 0x00007ffd935ab000 	C:\WINDOWS\system32\powrprof.dll
0x00007ffd93540000 - 0x00007ffd93554000 	C:\WINDOWS\system32\profapi.dll
0x00007ffd6ee10000 - 0x00007ffd6ee2a000 	C:\Program Files\Android\Android Studio\jre\jre\bin\net.dll
0x00007ffd92b60000 - 0x00007ffd92bbc000 	C:\WINDOWS\system32\mswsock.dll
0x00007ffd6db80000 - 0x00007ffd6db91000 	C:\Program Files\Android\Android Studio\jre\jre\bin\nio.dll
0x00007ffd6cf90000 - 0x00007ffd6cfae000 	C:\Users\Colton\.gradle\native\25\windows-amd64\native-platform.dll
0x00007ffd84b10000 - 0x00007ffd84b1d000 	C:\Program Files\Android\Android Studio\jre\jre\bin\management.dll
0x00007ffd92c10000 - 0x00007ffd92c27000 	C:\WINDOWS\SYSTEM32\CRYPTSP.dll
0x00007ffd928a0000 - 0x00007ffd928d4000 	C:\WINDOWS\system32\rsaenh.dll
0x00007ffd93310000 - 0x00007ffd93339000 	C:\WINDOWS\SYSTEM32\bcrypt.dll
0x00007ffd929f0000 - 0x00007ffd92a0f000 	C:\WINDOWS\SYSTEM32\USERENV.dll
0x00007ffd92d30000 - 0x00007ffd92d3b000 	C:\WINDOWS\SYSTEM32\CRYPTBASE.dll
0x00007ffd8d7f0000 - 0x00007ffd8d828000 	C:\WINDOWS\SYSTEM32\IPHLPAPI.DLL
0x00007ffd951b0000 - 0x00007ffd951b8000 	C:\WINDOWS\system32\NSI.dll
0x00007ffd8d080000 - 0x00007ffd8d096000 	C:\WINDOWS\SYSTEM32\dhcpcsvc6.DLL
0x00007ffd8d170000 - 0x00007ffd8d18a000 	C:\WINDOWS\SYSTEM32\dhcpcsvc.DLL

VM Arguments:
jvm_args: -XX:+HeapDumpOnOutOfMemoryError -Xmx1024m -Dfile.encoding=windows-1252 -Duser.country=US -Duser.language=en -Duser.variant 
java_command: org.gradle.launcher.daemon.bootstrap.GradleDaemon 4.1
java_class_path (initial): C:\Users\Colton\.gradle\wrapper\dists\gradle-4.1-all\bzyivzo6n839fup2jbap0tjew\gradle-4.1\lib\gradle-launcher-4.1.jar
Launcher Type: SUN_STANDARD

Environment Variables:
PATH=C:\ProgramData\Oracle\Java\javapath;C:\Program Files (x86)\Intel\iCLS Client\;C:\Program Files\Intel\iCLS Client\;C:\WINDOWS\system32;C:\WINDOWS;C:\WINDOWS\System32\Wbem;C:\WINDOWS\System32\WindowsPowerShell\v1.0\;C:\Program Files\Intel\Intel(R) Management Engine Components\DAL;C:\Program Files\Intel\Intel(R) Management Engine Components\IPT;C:\Program Files (x86)\Intel\Intel(R) Management Engine Components\DAL;C:\Program Files (x86)\Intel\Intel(R) Management Engine Components\IPT;C:\Program Files (x86)\Intel\OpenCL SDK\2.0\bin\x86;C:\Program Files (x86)\Intel\OpenCL SDK\2.0\bin\x64;C:\Program Files\Git\cmd;
USERNAME=Colton
OS=Windows_NT
PROCESSOR_IDENTIFIER=Intel64 Family 6 Model 58 Stepping 9, GenuineIntel



---------------  S Y S T E M  ---------------

OS: Windows 10.0 , 64 bit Build 10586 (10.0.10586.589)

CPU:total 4 (initial active 4) (2 cores per cpu, 2 threads per core) family 6 model 58 stepping 9, cmov, cx8, fxsr, mmx, sse, sse2, sse3, ssse3, sse4.1, sse4.2, popcnt, avx, aes, clmul, erms, ht, tsc, tscinvbit, tscinv

Memory: 4k page, physical 4070680k(44188k free), swap 6871980k(7220k free)

vm_info: OpenJDK 64-Bit Server VM (25.152-b01) for windows-amd64 JRE (1.8.0_152-release-915-b01), built by "builder" with MS VC++ 10.0 (VS2010)

time: Wed Dec 13 13:19:56 2017
elapsed time: 36 seconds (0d 0h 0m 36s)

